  6-b1.cpp
F:\高程作业\程序作业\homework17 处理一些字符串问题\6-b1\6-b1.cpp(12,8): error C2065: “str”: 未声明的标识符
F:\高程作业\程序作业\homework17 处理一些字符串问题\6-b1\6-b1.cpp(12,11): error C4430: 缺少类型说明符 - 假定为 int。注意: C++ 不支持默认 int
F:\高程作业\程序作业\homework17 处理一些字符串问题\6-b1\6-b1.cpp(12,1): error C2365: “gets_s”: 重定义；以前的定义是“函数”
